#
# There is insufficient memory for the Java Runtime Environment to continue.
# Native memory allocation (mmap) failed to map 65536 bytes for Failed to commit metaspace.
# Possible reasons:
#   The system is out of physical RAM or swap space
#   The process is running with CompressedOops enabled, and the Java Heap may be blocking the growth of the native heap
# Possible solutions:
#   Reduce memory load on the system
#   Increase physical memory or swap space
#   Check if swap backing store is full
#   Decrease Java heap size (-Xmx/-Xms)
#   Decrease number of Java threads
#   Decrease Java thread stack sizes (-Xss)
#   Set larger code cache with -XX:ReservedCodeCacheSize=
#   JVM is running with Unscaled Compressed Oops mode in which the Java heap is
#     placed in the first 4GB address space. The Java Heap base address is the
#     maximum limit for the native heap growth. Please use -XX:HeapBaseMinAddress
#     to set the Java Heap base and to place the Java Heap above 4GB virtual address.
# This output file may be truncated or incomplete.
#
#  Out of Memory Error (virtualSpaceNode.cpp:110), pid=13120, tid=5492
#
# JRE version: OpenJDK Runtime Environment Temurin-17.0.6+10 (17.0.6+10) (build 17.0.6+10)
# Java VM: OpenJDK 64-Bit Server VM Temurin-17.0.6+10 (17.0.6+10, mixed mode, tiered, compressed oops, compressed class ptrs, g1 gc, windows-amd64)
# No core dump will be written. Minidumps are not enabled by default on client versions of Windows
#

---------------  S U M M A R Y ------------

Command Line: -ea -Dfile.encoding=UTF-8 -XX:+ShowCodeDetailsInExceptionMessages org.eclipse.jdt.internal.junit.runner.RemoteTestRunner -version 3 -port 52247 -testLoaderClass org.eclipse.jdt.internal.junit5.runner.JUnit5TestLoader -loaderpluginname org.eclipse.jdt.junit5.runtime -classNames com.example.demo.JavaTodolistApplicationTests -testfailures C:\Users\BU8886~1\AppData\Local\Temp\testFailures15093394878469306008.txt

Host: Intel(R) Xeon(R) CPU E5-2650 v3 @ 2.30GHz, 4 cores, 3G,  Windows 10 , 64 bit Build 17763 (10.0.17763.1339)
Time: Wed Jun 28 16:53:20 2023 대한민국 표준시 elapsed time: 6.529539 seconds (0d 0h 0m 6s)

---------------  T H R E A D  ---------------

Current thread (0x000001b3e97498d0):  JavaThread "main" [_thread_in_vm, id=5492, stack(0x000000361fb00000,0x000000361fc00000)]

Stack: [0x000000361fb00000,0x000000361fc00000]
Native frames: (J=compiled Java code, j=interpreted, Vv=VM code, C=native code)
V  [jvm.dll+0x67741a]
V  [jvm.dll+0x834434]
V  [jvm.dll+0x835bde]
V  [jvm.dll+0x836243]
V  [jvm.dll+0x2457b5]
V  [jvm.dll+0x8304cb]
V  [jvm.dll+0x61bca6]
V  [jvm.dll+0x1c05fe]
V  [jvm.dll+0x61e5f1]
V  [jvm.dll+0x61c646]
V  [jvm.dll+0x36b462]
V  [jvm.dll+0x1e20cb]
V  [jvm.dll+0x53c6f9]
V  [jvm.dll+0x7af5e8]
V  [jvm.dll+0x7af6d4]
V  [jvm.dll+0x40bc05]
V  [jvm.dll+0x411d58]
C  [java.dll+0x17ec]

Java frames: (J=compiled Java code, j=interpreted, Vv=VM code)
j  java.lang.ClassLoader.defineClass1(Ljava/lang/ClassLoader;Ljava/lang/String;[BIILjava/security/ProtectionDomain;Ljava/lang/String;)Ljava/lang/Class;+0 java.base@17.0.6
j  java.lang.ClassLoader.defineClass(Ljava/lang/String;[BIILjava/security/ProtectionDomain;)Ljava/lang/Class;+27 java.base@17.0.6
j  java.security.SecureClassLoader.defineClass(Ljava/lang/String;[BIILjava/security/CodeSource;)Ljava/lang/Class;+12 java.base@17.0.6
j  jdk.internal.loader.BuiltinClassLoader.defineClass(Ljava/lang/String;Ljdk/internal/loader/Resource;)Ljava/lang/Class;+117 java.base@17.0.6
j  jdk.internal.loader.BuiltinClassLoader.findClassOnClassPathOrNull(Ljava/lang/String;)Ljava/lang/Class;+37 java.base@17.0.6
j  jdk.internal.loader.BuiltinClassLoader.loadClassOrNull(Ljava/lang/String;Z)Ljava/lang/Class;+111 java.base@17.0.6
j  jdk.internal.loader.BuiltinClassLoader.loadClass(Ljava/lang/String;Z)Ljava/lang/Class;+3 java.base@17.0.6
j  jdk.internal.loader.ClassLoaders$AppClassLoader.loadClass(Ljava/lang/String;Z)Ljava/lang/Class;+36 java.base@17.0.6
j  java.lang.ClassLoader.loadClass(Ljava/lang/String;)Ljava/lang/Class;+3 java.base@17.0.6
v  ~StubRoutines::call_stub
j  java.lang.ClassLoader.defineClass1(Ljava/lang/ClassLoader;Ljava/lang/String;[BIILjava/security/ProtectionDomain;Ljava/lang/String;)Ljava/lang/Class;+0 java.base@17.0.6
j  java.lang.ClassLoader.defineClass(Ljava/lang/String;[BIILjava/security/ProtectionDomain;)Ljava/lang/Class;+27 java.base@17.0.6
j  java.security.SecureClassLoader.defineClass(Ljava/lang/String;[BIILjava/security/CodeSource;)Ljava/lang/Class;+12 java.base@17.0.6
j  jdk.internal.loader.BuiltinClassLoader.defineClass(Ljava/lang/String;Ljdk/internal/loader/Resource;)Ljava/lang/Class;+117 java.base@17.0.6
j  jdk.internal.loader.BuiltinClassLoader.findClassOnClassPathOrNull(Ljava/lang/String;)Ljava/lang/Class;+37 java.base@17.0.6
j  jdk.internal.loader.BuiltinClassLoader.loadClassOrNull(Ljava/lang/String;Z)Ljava/lang/Class;+111 java.base@17.0.6
j  jdk.internal.loader.BuiltinClassLoader.loadClass(Ljava/lang/String;Z)Ljava/lang/Class;+3 java.base@17.0.6
j  jdk.internal.loader.ClassLoaders$AppClassLoader.loadClass(Ljava/lang/String;Z)Ljava/lang/Class;+36 java.base@17.0.6
j  java.lang.ClassLoader.loadClass(Ljava/lang/String;)Ljava/lang/Class;+3 java.base@17.0.6
v  ~StubRoutines::call_stub
j  java.lang.Class.forName0(Ljava/lang/String;ZLjava/lang/ClassLoader;Ljava/lang/Class;)Ljava/lang/Class;+0 java.base@17.0.6
j  java.lang.Class.forName(Ljava/lang/String;ZLjava/lang/ClassLoader;)Ljava/lang/Class;+43 java.base@17.0.6
j  sun.launcher.LauncherHelper.loadMainClass(ILjava/lang/String;)Ljava/lang/Class;+95 java.base@17.0.6
j  sun.launcher.LauncherHelper.checkAndLoadMain(ZILjava/lang/String;)Ljava/lang/Class;+42 java.base@17.0.6
v  ~StubRoutines::call_stub

---------------  P R O C E S S  ---------------

Threads class SMR info:
_java_thread_list=0x000001b3ff5493f0, length=12, elements={
0x000001b3e97498d0, 0x000001b3fe8a3450, 0x000001b3fe8a41d0, 0x000001b3ff409080,
0x000001b3ff40b950, 0x000001b3ff40c210, 0x000001b3ff40cad0, 0x000001b3ff40d6c0,
0x000001b3ff46b4a0, 0x000001b3ff46edf0, 0x000001b3ff5771b0, 0x000001b3ff58dd70
}

Java Threads: ( => current thread )
=>0x000001b3e97498d0 JavaThread "main" [_thread_in_vm, id=5492, stack(0x000000361fb00000,0x000000361fc00000)]
  0x000001b3fe8a3450 JavaThread "Reference Handler" daemon [_thread_blocked, id=608, stack(0x0000003620300000,0x0000003620400000)]
  0x000001b3fe8a41d0 JavaThread "Finalizer" daemon [_thread_blocked, id=6964, stack(0x0000003620400000,0x0000003620500000)]
  0x000001b3ff409080 JavaThread "Signal Dispatcher" daemon [_thread_blocked, id=11404, stack(0x0000003620500000,0x0000003620600000)]
  0x000001b3ff40b950 JavaThread "Attach Listener" daemon [_thread_blocked, id=13608, stack(0x0000003620600000,0x0000003620700000)]
  0x000001b3ff40c210 JavaThread "Service Thread" daemon [_thread_blocked, id=16428, stack(0x0000003620700000,0x0000003620800000)]
  0x000001b3ff40cad0 JavaThread "Monitor Deflation Thread" daemon [_thread_blocked, id=2932, stack(0x0000003620800000,0x0000003620900000)]
  0x000001b3ff40d6c0 JavaThread "C2 CompilerThread0" daemon [_thread_blocked, id=16632, stack(0x0000003620900000,0x0000003620a00000)]
  0x000001b3ff46b4a0 JavaThread "C1 CompilerThread0" daemon [_thread_blocked, id=9508, stack(0x0000003620a00000,0x0000003620b00000)]
  0x000001b3ff46edf0 JavaThread "Sweeper thread" daemon [_thread_blocked, id=8128, stack(0x0000003620b00000,0x0000003620c00000)]
  0x000001b3ff5771b0 JavaThread "Notification Thread" daemon [_thread_blocked, id=18952, stack(0x0000003620c00000,0x0000003620d00000)]
  0x000001b3ff58dd70 JavaThread "Common-Cleaner" daemon [_thread_blocked, id=1796, stack(0x0000003620e00000,0x0000003620f00000)]

Other Threads:
  0x000001b3fe89e620 VMThread "VM Thread" [stack: 0x0000003620200000,0x0000003620300000] [id=2080] _threads_hazard_ptr=0x000001b3ff5493f0
  0x000001b3ff577a90 WatcherThread [stack: 0x0000003620d00000,0x0000003620e00000] [id=12648]
  0x000001b3e97875e0 GCTaskThread "GC Thread#0" [stack: 0x000000361fd00000,0x000000361fe00000] [id=15300]
  0x000001b3e9790430 ConcurrentGCThread "G1 Main Marker" [stack: 0x000000361fe00000,0x000000361ff00000] [id=15896]
  0x000001b3e9790d50 ConcurrentGCThread "G1 Conc#0" [stack: 0x000000361ff00000,0x0000003620000000] [id=15260]
  0x000001b3e97dcd80 ConcurrentGCThread "G1 Refine#0" [stack: 0x0000003620000000,0x0000003620100000] [id=3836]
  0x000001b3e97dd6b0 ConcurrentGCThread "G1 Service" [stack: 0x0000003620100000,0x0000003620200000] [id=11440]

Threads with active compile tasks:

VM state: synchronizing (normal execution)

VM Mutex/Monitor currently owned by a thread:  ([mutex/lock_event])
[0x000001b3e9744c50] Metaspace_lock - owner thread: 0x000001b3e97498d0
[0x000001b3e9746320] Threads_lock - owner thread: 0x000001b3fe89e620

Heap address: 0x00000000c0000000, size: 1024 MB, Compressed Oops mode: 32-bit

CDS archive(s) not mapped
Compressed class space mapped at: 0x0000000100000000-0x0000000140000000, reserved size: 1073741824
Narrow klass base: 0x0000000000000000, Narrow klass shift: 3, Narrow klass range: 0x140000000

GC Precious Log:
 CPUs: 4 total, 4 available
 Memory: 4095M
 Large Page Support: Disabled
 NUMA Support: Disabled
 Compressed Oops: Enabled (32-bit)
 Heap Region Size: 1M
 Heap Min Capacity: 8M
 Heap Initial Capacity: 64M
 Heap Max Capacity: 1G
 Pre-touch: Disabled
 Parallel Workers: 4
 Concurrent Workers: 1
 Concurrent Refinement Workers: 4
 Periodic GC: Disabled

Heap:
 garbage-first heap   total 65536K, used 7168K [0x00000000c0000000, 0x0000000100000000)
  region size 1024K, 8 young (8192K), 0 survivors (0K)
 Metaspace       used 4841K, committed 4992K, reserved 1056768K
  class space    used 386K, committed 448K, reserved 1048576K

Heap Regions: E=young(eden), S=young(survivor), O=old, HS=humongous(starts), HC=humongous(continues), CS=collection set, F=free, OA=open archive, CA=closed archive, TAMS=top-at-mark-start (previous, next)
|   0|0x00000000c0000000, 0x00000000c0100000, 0x00000000c0100000|100%|HS|  |TAMS 0x00000000c0000000, 0x00000000c0000000| Complete 
|   1|0x00000000c0100000, 0x00000000c0100000, 0x00000000c0200000|  0%| F|  |TAMS 0x00000000c0100000, 0x00000000c0100000| Untracked 
|   2|0x00000000c0200000, 0x00000000c0200000, 0x00000000c0300000|  0%| F|  |TAMS 0x00000000c0200000, 0x00000000c0200000| Untracked 
|   3|0x00000000c0300000, 0x00000000c0300000, 0x00000000c0400000|  0%| F|  |TAMS 0x00000000c0300000, 0x00000000c0300000| Untracked 
|   4|0x00000000c0400000, 0x00000000c0400000, 0x00000000c0500000|  0%| F|  |TAMS 0x00000000c0400000, 0x00000000c0400000| Untracked 
|   5|0x00000000c0500000, 0x00000000c0500000, 0x00000000c0600000|  0%| F|  |TAMS 0x00000000c0500000, 0x00000000c0500000| Untracked 
|   6|0x00000000c0600000, 0x00000000c0600000, 0x00000000c0700000|  0%| F|  |TAMS 0x00000000c0600000, 0x00000000c0600000| Untracked 
|   7|0x00000000c0700000, 0x00000000c0700000, 0x00000000c0800000|  0%| F|  |TAMS 0x00000000c0700000, 0x00000000c0700000| Untracked 
|   8|0x00000000c0800000, 0x00000000c0800000, 0x00000000c0900000|  0%| F|  |TAMS 0x00000000c0800000, 0x00000000c0800000| Untracked 
|   9|0x00000000c0900000, 0x00000000c0900000, 0x00000000c0a00000|  0%| F|  |TAMS 0x00000000c0900000, 0x00000000c0900000| Untracked 
|  10|0x00000000c0a00000, 0x00000000c0a00000, 0x00000000c0b00000|  0%| F|  |TAMS 0x00000000c0a00000, 0x00000000c0a00000| Untracked 
|  11|0x00000000c0b00000, 0x00000000c0b00000, 0x00000000c0c00000|  0%| F|  |TAMS 0x00000000c0b00000, 0x00000000c0b00000| Untracked 
|  12|0x00000000c0c00000, 0x00000000c0c00000, 0x00000000c0d00000|  0%| F|  |TAMS 0x00000000c0c00000, 0x00000000c0c00000| Untracked 
|  13|0x00000000c0d00000, 0x00000000c0d00000, 0x00000000c0e00000|  0%| F|  |TAMS 0x00000000c0d00000, 0x00000000c0d00000| Untracked 
|  14|0x00000000c0e00000, 0x00000000c0e00000, 0x00000000c0f00000|  0%| F|  |TAMS 0x00000000c0e00000, 0x00000000c0e00000| Untracked 
|  15|0x00000000c0f00000, 0x00000000c0f00000, 0x00000000c1000000|  0%| F|  |TAMS 0x00000000c0f00000, 0x00000000c0f00000| Untracked 
|  16|0x00000000c1000000, 0x00000000c1000000, 0x00000000c1100000|  0%| F|  |TAMS 0x00000000c1000000, 0x00000000c1000000| Untracked 
|  17|0x00000000c1100000, 0x00000000c1100000, 0x00000000c1200000|  0%| F|  |TAMS 0x00000000c1100000, 0x00000000c1100000| Untracked 
|  18|0x00000000c1200000, 0x00000000c1200000, 0x00000000c1300000|  0%| F|  |TAMS 0x00000000c1200000, 0x00000000c1200000| Untracked 
|  19|0x00000000c1300000, 0x00000000c1300000, 0x00000000c1400000|  0%| F|  |TAMS 0x00000000c1300000, 0x00000000c1300000| Untracked 
|  20|0x00000000c1400000, 0x00000000c1400000, 0x00000000c1500000|  0%| F|  |TAMS 0x00000000c1400000, 0x00000000c1400000| Untracked 
|  21|0x00000000c1500000, 0x00000000c1500000, 0x00000000c1600000|  0%| F|  |TAMS 0x00000000c1500000, 0x00000000c1500000| Untracked 
|  22|0x00000000c1600000, 0x00000000c1600000, 0x00000000c1700000|  0%| F|  |TAMS 0x00000000c1600000, 0x00000000c1600000| Untracked 
|  23|0x00000000c1700000, 0x00000000c1700000, 0x00000000c1800000|  0%| F|  |TAMS 0x00000000c1700000, 0x00000000c1700000| Untracked 
|  24|0x00000000c1800000, 0x00000000c1800000, 0x00000000c1900000|  0%| F|  |TAMS 0x00000000c1800000, 0x00000000c1800000| Untracked 
|  25|0x00000000c1900000, 0x00000000c1900000, 0x00000000c1a00000|  0%| F|  |TAMS 0x00000000c1900000, 0x00000000c1900000| Untracked 
|  26|0x00000000c1a00000, 0x00000000c1a00000, 0x00000000c1b00000|  0%| F|  |TAMS 0x00000000c1a00000, 0x00000000c1a00000| Untracked 
|  27|0x00000000c1b00000, 0x00000000c1b00000, 0x00000000c1c00000|  0%| F|  |TAMS 0x00000000c1b00000, 0x00000000c1b00000| Untracked 
|  28|0x00000000c1c00000, 0x00000000c1c00000, 0x00000000c1d00000|  0%| F|  |TAMS 0x00000000c1c00000, 0x00000000c1c00000| Untracked 
|  29|0x00000000c1d00000, 0x00000000c1d00000, 0x00000000c1e00000|  0%| F|  |TAMS 0x00000000c1d00000, 0x00000000c1d00000| Untracked 
|  30|0x00000000c1e00000, 0x00000000c1e00000, 0x00000000c1f00000|  0%| F|  |TAMS 0x00000000c1e00000, 0x00000000c1e00000| Untracked 
|  31|0x00000000c1f00000, 0x00000000c1f00000, 0x00000000c2000000|  0%| F|  |TAMS 0x00000000c1f00000, 0x00000000c1f00000| Untracked 
|  32|0x00000000c2000000, 0x00000000c2000000, 0x00000000c2100000|  0%| F|  |TAMS 0x00000000c2000000, 0x00000000c2000000| Untracked 
|  33|0x00000000c2100000, 0x00000000c2100000, 0x00000000c2200000|  0%| F|  |TAMS 0x00000000c2100000, 0x00000000c2100000| Untracked 
|  34|0x00000000c2200000, 0x00000000c2200000, 0x00000000c2300000|  0%| F|  |TAMS 0x00000000c2200000, 0x00000000c2200000| Untracked 
|  35|0x00000000c2300000, 0x00000000c2300000, 0x00000000c2400000|  0%| F|  |TAMS 0x00000000c2300000, 0x00000000c2300000| Untracked 
|  36|0x00000000c2400000, 0x00000000c2400000, 0x00000000c2500000|  0%| F|  |TAMS 0x00000000c2400000, 0x00000000c2400000| Untracked 
|  37|0x00000000c2500000, 0x00000000c2500000, 0x00000000c2600000|  0%| F|  |TAMS 0x00000000c2500000, 0x00000000c2500000| Untracked 
|  38|0x00000000c2600000, 0x00000000c2600000, 0x00000000c2700000|  0%| F|  |TAMS 0x00000000c2600000, 0x00000000c2600000| Untracked 
|  39|0x00000000c2700000, 0x00000000c2700000, 0x00000000c2800000|  0%| F|  |TAMS 0x00000000c2700000, 0x00000000c2700000| Untracked 
|  40|0x00000000c2800000, 0x00000000c2800000, 0x00000000c2900000|  0%| F|  |TAMS 0x00000000c2800000, 0x00000000c2800000| Untracked 
|  41|0x00000000c2900000, 0x00000000c2900000, 0x00000000c2a00000|  0%| F|  |TAMS 0x00000000c2900000, 0x00000000c2900000| Untracked 
|  42|0x00000000c2a00000, 0x00000000c2a00000, 0x00000000c2b00000|  0%| F|  |TAMS 0x00000000c2a00000, 0x00000000c2a00000| Untracked 
|  43|0x00000000c2b00000, 0x00000000c2b00000, 0x00000000c2c00000|  0%| F|  |TAMS 0x00000000c2b00000, 0x00000000c2b00000| Untracked 
|  44|0x00000000c2c00000, 0x00000000c2c00000, 0x00000000c2d00000|  0%| F|  |TAMS 0x00000000c2c00000, 0x00000000c2c00000| Untracked 
|  45|0x00000000c2d00000, 0x00000000c2d00000, 0x00000000c2e00000|  0%| F|  |TAMS 0x00000000c2d00000, 0x00000000c2d00000| Untracked 
|  46|0x00000000c2e00000, 0x00000000c2e00000, 0x00000000c2f00000|  0%| F|  |TAMS 0x00000000c2e00000, 0x00000000c2e00000| Untracked 
|  47|0x00000000c2f00000, 0x00000000c2f00000, 0x00000000c3000000|  0%| F|  |TAMS 0x00000000c2f00000, 0x00000000c2f00000| Untracked 
|  48|0x00000000c3000000, 0x00000000c3000000, 0x00000000c3100000|  0%| F|  |TAMS 0x00000000c3000000, 0x00000000c3000000| Untracked 
|  49|0x00000000c3100000, 0x00000000c3100000, 0x00000000c3200000|  0%| F|  |TAMS 0x00000000c3100000, 0x00000000c3100000| Untracked 
|  50|0x00000000c3200000, 0x00000000c3200000, 0x00000000c3300000|  0%| F|  |TAMS 0x00000000c3200000, 0x00000000c3200000| Untracked 
|  51|0x00000000c3300000, 0x00000000c3300000, 0x00000000c3400000|  0%| F|  |TAMS 0x00000000c3300000, 0x00000000c3300000| Untracked 
|  52|0x00000000c3400000, 0x00000000c3400000, 0x00000000c3500000|  0%| F|  |TAMS 0x00000000c3400000, 0x00000000c3400000| Untracked 
|  53|0x00000000c3500000, 0x00000000c3500000, 0x00000000c3600000|  0%| F|  |TAMS 0x00000000c3500000, 0x00000000c3500000| Untracked 
|  54|0x00000000c3600000, 0x00000000c3600000, 0x00000000c3700000|  0%| F|  |TAMS 0x00000000c3600000, 0x00000000c3600000| Untracked 
|  55|0x00000000c3700000, 0x00000000c3700000, 0x00000000c3800000|  0%| F|  |TAMS 0x00000000c3700000, 0x00000000c3700000| Untracked 
|  56|0x00000000c3800000, 0x00000000c3843860, 0x00000000c3900000| 26%| E|  |TAMS 0x00000000c3800000, 0x00000000c3800000| Complete 
|  57|0x00000000c3900000, 0x00000000c3a00000, 0x00000000c3a00000|100%| E|CS|TAMS 0x00000000c3900000, 0x00000000c3900000| Complete 
|  58|0x00000000c3a00000, 0x00000000c3b00000, 0x00000000c3b00000|100%| E|CS|TAMS 0x00000000c3a00000, 0x00000000c3a00000| Complete 
|  59|0x00000000c3b00000, 0x00000000c3c00000, 0x00000000c3c00000|100%| E|CS|TAMS 0x00000000c3b00000, 0x00000000c3b00000| Complete 
|  60|0x00000000c3c00000, 0x00000000c3d00000, 0x00000000c3d00000|100%| E|CS|TAMS 0x00000000c3c00000, 0x00000000c3c00000| Complete 
|  61|0x00000000c3d00000, 0x00000000c3e00000, 0x00000000c3e00000|100%| E|  |TAMS 0x00000000c3d00000, 0x00000000c3d00000| Complete 
|  62|0x00000000c3e00000, 0x00000000c3f00000, 0x00000000c3f00000|100%| E|CS|TAMS 0x00000000c3e00000, 0x00000000c3e00000| Complete 
|  63|0x00000000c3f00000, 0x00000000c4000000, 0x00000000c4000000|100%| E|CS|TAMS 0x00000000c3f00000, 0x00000000c3f00000| Complete 

Card table byte_map: [0x000001b3fbfe0000,0x000001b3fc1e0000] _byte_map_base: 0x000001b3fb9e0000

Marking Bits (Prev, Next): (CMBitMap*) 0x000001b3e9787b00, (CMBitMap*) 0x000001b3e9787b40
 Prev Bits: [0x000001b3fc3e0000, 0x000001b3fd3e0000)
 Next Bits: [0x000001b3fd3e0000, 0x000001b3fe3e0000)

Polling page: 0x000001b3e7480000

Metaspace:

Usage:
  Non-class:      4.35 MB used.
      Class:    386.16 KB used.
       Both:      4.73 MB used.

Virtual space:
  Non-class space:        8.00 MB reserved,       4.44 MB ( 55%) committed,  1 nodes.
      Class space:        1.00 GB reserved,     448.00 KB ( <1%) committed,  1 nodes.
             Both:        1.01 GB reserved,       4.88 MB ( <1%) committed. 

Chunk freelists:
   Non-Class:  2.99 MB
       Class:  3.56 MB
        Both:  6.55 MB

MaxMetaspaceSize: unlimited
CompressedClassSpaceSize: 1.00 GB
Initial GC threshold: 21.00 MB
Current GC threshold: 21.00 MB
CDS: off
MetaspaceReclaimPolicy: balanced
 - commit_granule_bytes: 65536.
 - commit_granule_words: 8192.
 - virtual_space_node_default_size: 1048576.
 - enlarge_chunks_in_place: 1.
 - new_chunks_are_fully_committed: 0.
 - uncommit_free_chunks: 1.
 - use_allocation_guard: 0.
 - handle_deallocations: 1.


Internal statistics:

num_allocs_failed_limit: 0.
num_arena_births: 4.
num_arena_deaths: 0.
num_vsnodes_births: 2.
num_vsnodes_deaths: 0.
num_space_committed: 78.
num_space_uncommitted: 0.
num_chunks_returned_to_freelist: 0.
num_chunks_taken_from_freelist: 7.
num_chunk_merges: 0.
num_chunk_splits: 3.
num_chunks_enlarged: 1.
num_purges: 0.
num_inconsistent_stats: 0.

CodeHeap 'non-profiled nmethods': size=120000Kb used=69Kb max_used=69Kb free=119930Kb
 bounds [0x000001b3f48b0000, 0x000001b3f4b20000, 0x000001b3fbde0000]
CodeHeap 'profiled nmethods': size=120000Kb used=410Kb max_used=410Kb free=119589Kb
 bounds [0x000001b3ecde0000, 0x000001b3ed050000, 0x000001b3f4310000]
CodeHeap 'non-nmethods': size=5760Kb used=1052Kb max_used=1066Kb free=4707Kb
 bounds [0x000001b3f4310000, 0x000001b3f4580000, 0x000001b3f48b0000]
 total_blobs=591 nmethods=274 adapters=231
 compilation: enabled
              stopped_count=0, restarted_count=0
 full_count=0

Compilation events (20 events):
Event: 6.326 Thread 0x000001b3ff46b4a0  261       3       jdk.internal.ref.CleanerFactory::cleaner (4 bytes)
Event: 6.327 Thread 0x000001b3ff46b4a0 nmethod 261 0x000001b3ece42810 code [0x000001b3ece429a0, 0x000001b3ece42a98]
Event: 6.328 Thread 0x000001b3ff46b4a0  262   !   3       jdk.internal.ref.PhantomCleanable::insert (53 bytes)
Event: 6.329 Thread 0x000001b3ff46b4a0 nmethod 262 0x000001b3ece42b10 code [0x000001b3ece42cc0, 0x000001b3ece43038]
Event: 6.332 Thread 0x000001b3ff46b4a0  263       3       java.lang.ThreadLocal::get (38 bytes)
Event: 6.333 Thread 0x000001b3ff46b4a0 nmethod 263 0x000001b3ece43190 code [0x000001b3ece43360, 0x000001b3ece43698]
Event: 6.493 Thread 0x000001b3ff46b4a0  264       1       java.net.URL::getPort (5 bytes)
Event: 6.494 Thread 0x000001b3ff46b4a0 nmethod 264 0x000001b3f48c0710 code [0x000001b3f48c08a0, 0x000001b3f48c0978]
Event: 6.494 Thread 0x000001b3ff46b4a0  265       3       java.lang.CharacterData::of (136 bytes)
Event: 6.495 Thread 0x000001b3ff46b4a0 nmethod 265 0x000001b3ece43810 code [0x000001b3ece43a40, 0x000001b3ece443d8]
Event: 6.497 Thread 0x000001b3ff46b4a0  266       3       java.util.ArrayList::get (15 bytes)
Event: 6.498 Thread 0x000001b3ff46b4a0 nmethod 266 0x000001b3ece44610 code [0x000001b3ece447e0, 0x000001b3ece44b08]
Event: 6.498 Thread 0x000001b3ff46b4a0  267       3       java.util.Objects::checkIndex (7 bytes)
Event: 6.498 Thread 0x000001b3ff46b4a0 nmethod 267 0x000001b3ece44c90 code [0x000001b3ece44e40, 0x000001b3ece45048]
Event: 6.498 Thread 0x000001b3ff46b4a0  268       3       jdk.internal.util.Preconditions::checkIndex (18 bytes)
Event: 6.498 Thread 0x000001b3ff46b4a0 nmethod 268 0x000001b3ece45190 code [0x000001b3ece45340, 0x000001b3ece454e8]
Event: 6.499 Thread 0x000001b3ff46b4a0  269       3       java.util.zip.ZipCoder::hash (36 bytes)
Event: 6.500 Thread 0x000001b3ff46b4a0 nmethod 269 0x000001b3ece45590 code [0x000001b3ece457a0, 0x000001b3ece45ec8]
Event: 6.500 Thread 0x000001b3ff46b4a0  270       3       java.lang.String::lastIndexOf (12 bytes)
Event: 6.501 Thread 0x000001b3ff46b4a0 nmethod 270 0x000001b3ece46190 code [0x000001b3ece46380, 0x000001b3ece46778]

GC Heap History (0 events):
No events

Dll operation events (4 events):
Event: 0.110 Loaded shared library C:\Users\bu8886677\sts-4.17.2.RELEASE\plugins\org.eclipse.justj.openjdk.hotspot.jre.full.win32.x86_64_17.0.6.v20230125-1136\jre\bin\java.dll
Event: 4.577 Loaded shared library C:\Users\bu8886677\sts-4.17.2.RELEASE\plugins\org.eclipse.justj.openjdk.hotspot.jre.full.win32.x86_64_17.0.6.v20230125-1136\jre\bin\net.dll
Event: 4.612 Loaded shared library C:\Users\bu8886677\sts-4.17.2.RELEASE\plugins\org.eclipse.justj.openjdk.hotspot.jre.full.win32.x86_64_17.0.6.v20230125-1136\jre\bin\nio.dll
Event: 4.672 Loaded shared library C:\Users\bu8886677\sts-4.17.2.RELEASE\plugins\org.eclipse.justj.openjdk.hotspot.jre.full.win32.x86_64_17.0.6.v20230125-1136\jre\bin\zip.dll

Deoptimization events (4 events):
Event: 4.558 Thread 0x000001b3e97498d0 DEOPT PACKING pc=0x000001b3ecde93e7 sp=0x000000361fbfbe10
Event: 4.558 Thread 0x000001b3e97498d0 DEOPT UNPACKING pc=0x000001b3f4367124 sp=0x000000361fbfb230 mode 0
Event: 4.689 Thread 0x000001b3e97498d0 DEOPT PACKING pc=0x000001b3ecde74d1 sp=0x000000361fbfd600
Event: 4.689 Thread 0x000001b3e97498d0 DEOPT UNPACKING pc=0x000001b3f4367124 sp=0x000000361fbfca78 mode 0

Classes unloaded (0 events):
No events

Classes redefined (0 events):
No events

Internal exceptions (0 events):
No events

VM Operations (8 events):
Event: 1.512 Executing VM operation: Cleanup
Event: 1.512 Executing VM operation: Cleanup done
Event: 4.518 Executing VM operation: Cleanup
Event: 4.525 Executing VM operation: Cleanup done
Event: 5.526 Executing VM operation: Cleanup
Event: 5.526 Executing VM operation: Cleanup done
Event: 5.557 Executing VM operation: HandshakeAllThreads
Event: 5.558 Executing VM operation: HandshakeAllThreads done

Events (20 events):
Event: 6.486 loading class java/security/SecureClassLoader$1
Event: 6.487 loading class java/security/SecureClassLoader$1 done
Event: 6.487 loading class sun/security/util/LazyCodeSourcePermissionCollection
Event: 6.487 loading class java/security/PermissionCollection
Event: 6.488 loading class java/security/PermissionCollection done
Event: 6.488 loading class sun/security/util/LazyCodeSourcePermissionCollection done
Event: 6.488 loading class java/security/Permissions
Event: 6.488 loading class java/security/Permissions done
Event: 6.489 loading class java/lang/RuntimePermission
Event: 6.489 loading class java/lang/RuntimePermission done
Event: 6.489 loading class java/security/BasicPermissionCollection
Event: 6.490 loading class java/security/BasicPermissionCollection done
Event: 6.490 loading class java/security/AllPermission
Event: 6.490 loading class java/security/AllPermission done
Event: 6.490 loading class java/security/UnresolvedPermission
Event: 6.491 loading class java/security/UnresolvedPermission done
Event: 6.491 loading class java/security/SecureClassLoader$DebugHolder
Event: 6.491 loading class java/security/SecureClassLoader$DebugHolder done
Event: 6.491 loading class sun/security/util/Debug
Event: 6.492 loading class sun/security/util/Debug done


Dynamic libraries:
0x00007ff7cb9d0000 - 0x00007ff7cb9de000 	C:\Users\bu8886677\sts-4.17.2.RELEASE\plugins\org.eclipse.justj.openjdk.hotspot.jre.full.win32.x86_64_17.0.6.v20230125-1136\jre\bin\javaw.exe
0x00007ffdb20d0000 - 0x00007ffdb22bd000 	C:\Windows\SYSTEM32\ntdll.dll
0x00007ffdb0340000 - 0x00007ffdb03f3000 	C:\Windows\System32\KERNEL32.DLL
0x00007ffdae320000 - 0x00007ffdae5b4000 	C:\Windows\System32\KERNELBASE.dll
0x00007ffdae5c0000 - 0x00007ffdae6ba000 	C:\Windows\System32\ucrtbase.dll
0x00007ffd985a0000 - 0x00007ffd985b7000 	C:\Users\bu8886677\sts-4.17.2.RELEASE\plugins\org.eclipse.justj.openjdk.hotspot.jre.full.win32.x86_64_17.0.6.v20230125-1136\jre\bin\jli.dll
0x00007ffdb01a0000 - 0x00007ffdb0337000 	C:\Windows\System32\USER32.dll
0x00007ffdae300000 - 0x00007ffdae320000 	C:\Windows\System32\win32u.dll
0x00007ffdb19e0000 - 0x00007ffdb1a09000 	C:\Windows\System32\GDI32.dll
0x00007ffdaef70000 - 0x00007ffdaf10b000 	C:\Windows\System32\gdi32full.dll
0x00007ffdaee50000 - 0x00007ffdaeef0000 	C:\Windows\System32\msvcp_win.dll
0x00007ffda2ac0000 - 0x00007ffda2ad9000 	C:\Users\bu8886677\sts-4.17.2.RELEASE\plugins\org.eclipse.justj.openjdk.hotspot.jre.full.win32.x86_64_17.0.6.v20230125-1136\jre\bin\VCRUNTIME140.dll
0x00007ffda2f10000 - 0x00007ffda3189000 	C:\Windows\WinSxS\amd64_microsoft.windows.common-controls_6595b64144ccf1df_6.0.17763.1397_none_de7645305346d5dc\COMCTL32.dll
0x00007ffdafbc0000 - 0x00007ffdafc5e000 	C:\Windows\System32\msvcrt.dll
0x00007ffdafd60000 - 0x00007ffdb008c000 	C:\Windows\System32\combase.dll
0x00007ffdb1f70000 - 0x00007ffdb2092000 	C:\Windows\System32\RPCRT4.dll
0x00007ffdae180000 - 0x00007ffdae1fe000 	C:\Windows\System32\bcryptPrimitives.dll
0x00007ffdb04b0000 - 0x00007ffdb04de000 	C:\Windows\System32\IMM32.DLL
0x00007ffda2ab0000 - 0x00007ffda2abc000 	C:\Users\bu8886677\sts-4.17.2.RELEASE\plugins\org.eclipse.justj.openjdk.hotspot.jre.full.win32.x86_64_17.0.6.v20230125-1136\jre\bin\vcruntime140_1.dll
0x00007ffd92de0000 - 0x00007ffd92e71000 	C:\Users\bu8886677\sts-4.17.2.RELEASE\plugins\org.eclipse.justj.openjdk.hotspot.jre.full.win32.x86_64_17.0.6.v20230125-1136\jre\bin\msvcp140.dll
0x00007ffd80250000 - 0x00007ffd80e97000 	C:\Users\bu8886677\sts-4.17.2.RELEASE\plugins\org.eclipse.justj.openjdk.hotspot.jre.full.win32.x86_64_17.0.6.v20230125-1136\jre\bin\server\jvm.dll
0x00007ffdb1ec0000 - 0x00007ffdb1f63000 	C:\Windows\System32\ADVAPI32.dll
0x00007ffdafcc0000 - 0x00007ffdafd5e000 	C:\Windows\System32\sechost.dll
0x00007ffdaade0000 - 0x00007ffdaade9000 	C:\Windows\SYSTEM32\WSOCK32.dll
0x00007ffdb1a70000 - 0x00007ffdb1add000 	C:\Windows\System32\WS2_32.dll
0x00007ffda5260000 - 0x00007ffda5284000 	C:\Windows\SYSTEM32\WINMM.dll
0x00007ffda7f80000 - 0x00007ffda7f8a000 	C:\Windows\SYSTEM32\VERSION.dll
0x00007ffda5230000 - 0x00007ffda525d000 	C:\Windows\SYSTEM32\WINMMBASE.dll
0x00007ffdae2b0000 - 0x00007ffdae2fa000 	C:\Windows\System32\cfgmgr32.dll
0x00007ffdae160000 - 0x00007ffdae171000 	C:\Windows\System32\kernel.appcore.dll
0x00007ffdaa610000 - 0x00007ffdaa61a000 	C:\Users\bu8886677\sts-4.17.2.RELEASE\plugins\org.eclipse.justj.openjdk.hotspot.jre.full.win32.x86_64_17.0.6.v20230125-1136\jre\bin\jimage.dll
0x00007ffd61720000 - 0x00007ffd6190d000 	C:\Windows\SYSTEM32\DBGHELP.DLL
0x00007ffd815e0000 - 0x00007ffd8160a000 	C:\Windows\SYSTEM32\dbgcore.DLL
0x00007ffd947e0000 - 0x00007ffd94805000 	C:\Users\bu8886677\sts-4.17.2.RELEASE\plugins\org.eclipse.justj.openjdk.hotspot.jre.full.win32.x86_64_17.0.6.v20230125-1136\jre\bin\java.dll
0x00007ffd97a60000 - 0x00007ffd97a78000 	C:\Users\bu8886677\sts-4.17.2.RELEASE\plugins\org.eclipse.justj.openjdk.hotspot.jre.full.win32.x86_64_17.0.6.v20230125-1136\jre\bin\zip.dll
0x00007ffdb04e0000 - 0x00007ffdb19d8000 	C:\Windows\System32\SHELL32.dll
0x00007ffdb0400000 - 0x00007ffdb04a9000 	C:\Windows\System32\shcore.dll
0x00007ffdae6f0000 - 0x00007ffdaee43000 	C:\Windows\System32\windows.storage.dll
0x00007ffdae0b0000 - 0x00007ffdae0d4000 	C:\Windows\System32\profapi.dll
0x00007ffdae100000 - 0x00007ffdae15d000 	C:\Windows\System32\powrprof.dll
0x00007ffdaf310000 - 0x00007ffdaf362000 	C:\Windows\System32\shlwapi.dll
0x00007ffdaef50000 - 0x00007ffdaef67000 	C:\Windows\System32\cryptsp.dll
0x00007ffd99390000 - 0x00007ffd993a9000 	C:\Users\bu8886677\sts-4.17.2.RELEASE\plugins\org.eclipse.justj.openjdk.hotspot.jre.full.win32.x86_64_17.0.6.v20230125-1136\jre\bin\net.dll
0x00007ffda9bf0000 - 0x00007ffda9ce2000 	C:\Windows\SYSTEM32\WINHTTP.dll
0x00007ffdad8b0000 - 0x00007ffdad917000 	C:\Windows\system32\mswsock.dll
0x00007ffd97680000 - 0x00007ffd97695000 	C:\Users\bu8886677\sts-4.17.2.RELEASE\plugins\org.eclipse.justj.openjdk.hotspot.jre.full.win32.x86_64_17.0.6.v20230125-1136\jre\bin\nio.dll

dbghelp: loaded successfully - version: 4.0.5 - missing functions: none
symbol engine: initialized successfully - sym options: 0x614 - pdb path: .;C:\Users\bu8886677\sts-4.17.2.RELEASE\plugins\org.eclipse.justj.openjdk.hotspot.jre.full.win32.x86_64_17.0.6.v20230125-1136\jre\bin;C:\Windows\SYSTEM32;C:\Windows\WinSxS\amd64_microsoft.windows.common-controls_6595b64144ccf1df_6.0.17763.1397_none_de7645305346d5dc;C:\Users\bu8886677\sts-4.17.2.RELEASE\plugins\org.eclipse.justj.openjdk.hotspot.jre.full.win32.x86_64_17.0.6.v20230125-1136\jre\bin\server

VM Arguments:
jvm_args: -ea -Dfile.encoding=UTF-8 -XX:+ShowCodeDetailsInExceptionMessages 
java_command: org.eclipse.jdt.internal.junit.runner.RemoteTestRunner -version 3 -port 52247 -testLoaderClass org.eclipse.jdt.internal.junit5.runner.JUnit5TestLoader -loaderpluginname org.eclipse.jdt.junit5.runtime -classNames com.example.demo.JavaTodolistApplicationTests -testfailures C:\Users\BU8886~1\AppData\Local\Temp\testFailures15093394878469306008.txt
java_class_path (initial): C:\STS4\JavaTodolist\bin\main;C:\STS4\JavaTodolist\bin\test;C:\STS4\JavaTodolist\bin\default;C:\Users\bu8886677\.gradle\caches\modules-2\files-2.1\org.projectlombok\lombok\1.18.24\13a394eed5c4f9efb2a6d956e2086f1d81e857d9\lombok-1.18.24.jar;C:\Users\bu8886677\.gradle\caches\modules-2\files-2.1\org.springframework.boot\spring-boot-starter-web\2.7.5\bb4099d0466a62c3b11ab9323babca13bb430a2e\spring-boot-starter-web-2.7.5.jar;C:\Users\bu8886677\.gradle\caches\modules-2\files-2.1\org.springframework.boot\spring-boot-starter-data-jpa\2.7.5\b83184467079d5b808fb2f9fbc858b1804975808\spring-boot-starter-data-jpa-2.7.5.jar;C:\Users\bu8886677\.gradle\caches\modules-2\files-2.1\org.springframework.boot\spring-boot-starter-thymeleaf\2.7.5\d2be8d1d822d988924e0a23c81d795ae5aa288f3\spring-boot-starter-thymeleaf-2.7.5.jar;C:\Users\bu8886677\.gradle\caches\modules-2\files-2.1\nz.net.ultraq.thymeleaf\thymeleaf-layout-dialect\3.0.0\901115ad80d4928d1d15f7dfa0bad99c1a006cc2\thymeleaf-layout-dialect-3.0.0.jar;C:\Users\bu8886677\.gradle\caches\modules-2\files-2.1\org.mybatis.spring.boot\mybatis-spring-boot-starter\2.2.0\1543d9566e2acaa7230cd8996237a291603ac21f\mybatis-spring-boot-starter-2.2.0.jar;C:\Users\bu8886677\.gradle\caches\modules-2\files-2.1\org.springframework.boot\spring-boot-starter-json\2.7.5\9c7df04ff37b2e7471632ddeb4a296c5fb6bddee\spring-boot-starter-json-2.7.5.jar;C:\Users\bu8886677\.gradle\caches\modules-2\files-2.1\org.springframework.boot\spring-boot-starter-aop\2.7.5\ea4b85395faaa3a382f2a582e4bf023d088d320e\spring-boot-starter-aop-2.7.5.jar;C:\Users\bu8886677\.gradle\caches\modules-2\files-2.1\org.springframework.boot\spring-boot-starter-jdbc\2.7.5\b57c3f8fb2fe235a8ff368755092371423bbc5b3\spring-boot-starter-jdbc-2.7.5.jar;C:\Users\bu8886677\.gradle\caches\modules-2\files-2.1\org.springframework.boot\spring-boot-starter\2.7.5\c28e1546461803490588085345ba5d2897d232bc\spring-boot-starter-2.7.5.jar;C:\Users\bu8886677\.gradle\caches\modules-2\files
Launcher Type: SUN_STANDARD

[Global flags]
     intx CICompilerCount                          = 3                                         {product} {ergonomic}
     uint ConcGCThreads                            = 1                                         {product} {ergonomic}
     uint G1ConcRefinementThreads                  = 4                                         {product} {ergonomic}
   size_t G1HeapRegionSize                         = 1048576                                   {product} {ergonomic}
    uintx GCDrainStackTargetSize                   = 64                                        {product} {ergonomic}
   size_t InitialHeapSize                          = 67108864                                  {product} {ergonomic}
   size_t MarkStackSize                            = 4194304                                   {product} {ergonomic}
   size_t MaxHeapSize                              = 1073741824                                {product} {ergonomic}
   size_t MaxNewSize                               = 643825664                                 {product} {ergonomic}
   size_t MinHeapDeltaBytes                        = 1048576                                   {product} {ergonomic}
   size_t MinHeapSize                              = 8388608                                   {product} {ergonomic}
    uintx NonNMethodCodeHeapSize                   = 5832780                                {pd product} {ergonomic}
    uintx NonProfiledCodeHeapSize                  = 122912730                              {pd product} {ergonomic}
    uintx ProfiledCodeHeapSize                     = 122912730                              {pd product} {ergonomic}
    uintx ReservedCodeCacheSize                    = 251658240                              {pd product} {ergonomic}
     bool SegmentedCodeCache                       = true                                      {product} {ergonomic}
     bool ShowCodeDetailsInExceptionMessages       = true                                   {manageable} {command line}
   size_t SoftMaxHeapSize                          = 1073741824                             {manageable} {ergonomic}
     bool UseCompressedClassPointers               = true                           {product lp64_product} {ergonomic}
     bool UseCompressedOops                        = true                           {product lp64_product} {ergonomic}
     bool UseG1GC                                  = true                                      {product} {ergonomic}
     bool UseLargePagesIndividualAllocation        = false                                  {pd product} {ergonomic}

Logging:
Log output configuration:
 #0: stdout all=warning uptime,level,tags
 #1: stderr all=off uptime,level,tags

Environment Variables:
PATH=C:/Users/bu8886677/sts-4.17.2.RELEASE//plugins/org.eclipse.justj.openjdk.hotspot.jre.full.win32.x86_64_17.0.6.v20230125-1136/jre/bin/server;C:/Users/bu8886677/sts-4.17.2.RELEASE//plugins/org.eclipse.justj.openjdk.hotspot.jre.full.win32.x86_64_17.0.6.v20230125-1136/jre/bin;C:\Program Files\Eclipse Adoptium\jdk-11.0.19.7-hotspot\bin;C:\Program Files (x86)\Common Files\Oracle\Java\javapath;C:\Windows\system32;C:\Windows;C:\Windows\System32\Wbem;C:\Windows\System32\WindowsPowerShell\v1.0\;C:\Windows\System32\OpenSSH\;C:\Program Files\Bandizip\;C:\Program Files\Git\cmd;C:\Program Files\nodejs\;C:\Users\bu8886677\AppData\Local\Microsoft\WindowsApps;C:\Users\bu8886677\AppData\Roaming\npm;C:\Users\bu8886677\sts-4.17.2.RELEASE;
USERNAME=bu8886677
OS=Windows_NT
PROCESSOR_IDENTIFIER=Intel64 Family 6 Model 63 Stepping 2, GenuineIntel
TMP=C:\Users\BU8886~1\AppData\Local\Temp
TEMP=C:\Users\BU8886~1\AppData\Local\Temp



---------------  S Y S T E M  ---------------

OS:
 Windows 10 , 64 bit Build 17763 (10.0.17763.1339)
OS uptime: 117 days 6:41 hours
Hyper-V virtualization detected

CPU: total 4 (initial active 4) (4 cores per cpu, 1 threads per core) family 6 model 63 stepping 2 microcode 0xffffffff, cx8, cmov, fxsr, mmx, sse, sse2, sse3, tsc, clflush, hv

Memory: 4k page, system-wide physical 4095M (290M free)
TotalPageFile size 11775M (AvailPageFile size 155M)
current process WorkingSet (physical memory assigned to process): 40M, peak: 40M
current process commit charge ("private bytes"): 133M, peak: 133M

vm_info: OpenJDK 64-Bit Server VM (17.0.6+10) for windows-amd64 JRE (17.0.6+10), built on Jan 18 2023 10:08:59 by "temurin" with MS VC++ 16.7 (VS2019)

END.
